Determining if the Q_WS_X11 exist failed with the following output:
Change Dir: /Users/jeasinema/Documents/Skyworks/GitHub/tenserflow_ring/data_io/build/CMakeFiles/CMakeTmp

Run Build Command:"/usr/bin/make" "cmTC_a369b/fast"
/Applications/Xcode.app/Contents/Developer/usr/bin/make -f CMakeFiles/cmTC_a369b.dir/build.make CMakeFiles/cmTC_a369b.dir/build
Building CXX object CMakeFiles/cmTC_a369b.dir/CheckSymbolExists.cxx.o
/Applications/Xcode.app/Contents/Developer/Toolchains/XcodeDefault.xctoolchain/usr/bin/c++    -I/usr/local/Cellar/qt/4.8.7_2/include -F/usr/local/Cellar/qt/4.8.7_2/lib   -o CMakeFiles/cmTC_a369b.dir/CheckSymbolExists.cxx.o -c /Users/jeasinema/Documents/Skyworks/GitHub/tenserflow_ring/data_io/build/CMakeFiles/CMakeTmp/CheckSymbolExists.cxx
/Users/jeasinema/Documents/Skyworks/GitHub/tenserflow_ring/data_io/build/CMakeFiles/CMakeTmp/CheckSymbolExists.cxx:8:19: error: use of undeclared identifier 'Q_WS_X11'
  return ((int*)(&Q_WS_X11))[argc];
                  ^
1 error generated.
make[1]: *** [CMakeFiles/cmTC_a369b.dir/CheckSymbolExists.cxx.o] Error 1
make: *** [cmTC_a369b/fast] Error 2

File /Users/jeasinema/Documents/Skyworks/GitHub/tenserflow_ring/data_io/build/CMakeFiles/CMakeTmp/CheckSymbolExists.cxx:
/* */
#include <QtCore/qglobal.h>

int main(int argc, char** argv)
{
  (void)argv;
#ifndef Q_WS_X11
  return ((int*)(&Q_WS_X11))[argc];
#else
  (void)argc;
  return 0;
#endif
}

Determining if the Q_WS_WIN exist failed with the following output:
Change Dir: /Users/jeasinema/Documents/Skyworks/GitHub/tenserflow_ring/data_io/build/CMakeFiles/CMakeTmp

Run Build Command:"/usr/bin/make" "cmTC_4f126/fast"
/Applications/Xcode.app/Contents/Developer/usr/bin/make -f CMakeFiles/cmTC_4f126.dir/build.make CMakeFiles/cmTC_4f126.dir/build
Building CXX object CMakeFiles/cmTC_4f126.dir/CheckSymbolExists.cxx.o
/Applications/Xcode.app/Contents/Developer/Toolchains/XcodeDefault.xctoolchain/usr/bin/c++    -I/usr/local/Cellar/qt/4.8.7_2/include -F/usr/local/Cellar/qt/4.8.7_2/lib   -o CMakeFiles/cmTC_4f126.dir/CheckSymbolExists.cxx.o -c /Users/jeasinema/Documents/Skyworks/GitHub/tenserflow_ring/data_io/build/CMakeFiles/CMakeTmp/CheckSymbolExists.cxx
/Users/jeasinema/Documents/Skyworks/GitHub/tenserflow_ring/data_io/build/CMakeFiles/CMakeTmp/CheckSymbolExists.cxx:8:19: error: use of undeclared identifier 'Q_WS_WIN'
  return ((int*)(&Q_WS_WIN))[argc];
                  ^
1 error generated.
make[1]: *** [CMakeFiles/cmTC_4f126.dir/CheckSymbolExists.cxx.o] Error 1
make: *** [cmTC_4f126/fast] Error 2

File /Users/jeasinema/Documents/Skyworks/GitHub/tenserflow_ring/data_io/build/CMakeFiles/CMakeTmp/CheckSymbolExists.cxx:
/* */
#include <QtCore/qglobal.h>

int main(int argc, char** argv)
{
  (void)argv;
#ifndef Q_WS_WIN
  return ((int*)(&Q_WS_WIN))[argc];
#else
  (void)argc;
  return 0;
#endif
}

Determining if the Q_WS_QWS exist failed with the following output:
Change Dir: /Users/jeasinema/Documents/Skyworks/GitHub/tenserflow_ring/data_io/build/CMakeFiles/CMakeTmp

Run Build Command:"/usr/bin/make" "cmTC_3eb3d/fast"
/Applications/Xcode.app/Contents/Developer/usr/bin/make -f CMakeFiles/cmTC_3eb3d.dir/build.make CMakeFiles/cmTC_3eb3d.dir/build
Building CXX object CMakeFiles/cmTC_3eb3d.dir/CheckSymbolExists.cxx.o
/Applications/Xcode.app/Contents/Developer/Toolchains/XcodeDefault.xctoolchain/usr/bin/c++    -I/usr/local/Cellar/qt/4.8.7_2/include -F/usr/local/Cellar/qt/4.8.7_2/lib   -o CMakeFiles/cmTC_3eb3d.dir/CheckSymbolExists.cxx.o -c /Users/jeasinema/Documents/Skyworks/GitHub/tenserflow_ring/data_io/build/CMakeFiles/CMakeTmp/CheckSymbolExists.cxx
/Users/jeasinema/Documents/Skyworks/GitHub/tenserflow_ring/data_io/build/CMakeFiles/CMakeTmp/CheckSymbolExists.cxx:8:19: error: use of undeclared identifier 'Q_WS_QWS'
  return ((int*)(&Q_WS_QWS))[argc];
                  ^
1 error generated.
make[1]: *** [CMakeFiles/cmTC_3eb3d.dir/CheckSymbolExists.cxx.o] Error 1
make: *** [cmTC_3eb3d/fast] Error 2

File /Users/jeasinema/Documents/Skyworks/GitHub/tenserflow_ring/data_io/build/CMakeFiles/CMakeTmp/CheckSymbolExists.cxx:
/* */
#include <QtCore/qglobal.h>

int main(int argc, char** argv)
{
  (void)argv;
#ifndef Q_WS_QWS
  return ((int*)(&Q_WS_QWS))[argc];
#else
  (void)argc;
  return 0;
#endif
}

